# JRE version: OpenJDK Runtime Environment (11.0.11+9) (build 11.0.11+9-b60-7590822)
# Java VM: OpenJDK 64-Bit Server VM (11.0.11+9-b60-7590822, mixed mode, tiered, compressed oops, g1 gc, windows-amd64)
Heap:
 garbage-first heap   total 155648K, used 117421K [0x0000000080000000, 0x0000000100000000)
  region size 1024K, 81 young (82944K), 7 survivors (7168K)
 Metaspace       used 56104K, capacity 57502K, committed 57548K, reserved 1099776K
  class space    used 7110K, capacity 7636K, committed 7680K, reserved 1048576K
GC Heap History (18 events):
Event: 0.566 GC heap before
{Heap before GC invocations=0 (full 0):
 garbage-first heap   total 129024K, used 29696K [0x0000000080000000, 0x0000000100000000)
  region size 1024K, 24 young (24576K), 0 survivors (0K)
 Metaspace       used 10196K, capacity 10421K, committed 10624K, reserved 1058816K
  class space    used 1068K, capacity 1140K, committed 1152K, reserved 1048576K
}
Event: 0.571 GC heap after
{Heap after GC invocations=1 (full 0):
 garbage-first heap   total 129024K, used 9191K [0x0000000080000000, 0x0000000100000000)
  region size 1024K, 3 young (3072K), 3 survivors (3072K)
 Metaspace       used 10196K, capacity 10421K, committed 10624K, reserved 1058816K
  class space    used 1068K, capacity 1140K, committed 1152K, reserved 1048576K
}
Event: 1.923 GC heap before
{Heap before GC invocations=1 (full 0):
 garbage-first heap   total 129024K, used 82919K [0x0000000080000000, 0x0000000100000000)
  region size 1024K, 75 young (76800K), 3 survivors (3072K)
 Metaspace       used 17524K, capacity 17924K, committed 18176K, reserved 1064960K
  class space    used 2076K, capacity 2219K, committed 2304K, reserved 1048576K
}
Event: 1.930 GC heap after
{Heap after GC invocations=2 (full 0):
 garbage-first heap   total 129024K, used 16306K [0x0000000080000000, 0x0000000100000000)
  region size 1024K, 10 young (10240K), 10 survivors (10240K)
 Metaspace       used 17524K, capacity 17924K, committed 18176K, reserved 1064960K
  class space    used 2076K, capacity 2219K, committed 2304K, reserved 1048576K
}
Event: 2.205 GC heap before
{Heap before GC invocations=2 (full 0):
 garbage-first heap   total 129024K, used 42930K [0x0000000080000000, 0x0000000100000000)
  region size 1024K, 37 young (37888K), 10 survivors (10240K)
 Metaspace       used 20662K, capacity 21077K, committed 21248K, reserved 1067008K
  class space    used 2544K, capacity 2695K, committed 2816K, reserved 1048576K
}
Event: 2.213 GC heap after
{Heap after GC invocations=3 (full 0):
 garbage-first heap   total 129024K, used 17970K [0x0000000080000000, 0x0000000100000000)
  region size 1024K, 2 young (2048K), 2 survivors (2048K)
 Metaspace       used 20662K, capacity 21077K, committed 21248K, reserved 1067008K
  class space    used 2544K, capacity 2695K, committed 2816K, reserved 1048576K
}
Event: 2.747 GC heap before
{Heap before GC invocations=4 (full 0):
 garbage-first heap   total 129024K, used 69170K [0x0000000080000000, 0x0000000100000000)
  region size 1024K, 52 young (53248K), 2 survivors (2048K)
 Metaspace       used 25918K, capacity 26504K, committed 26752K, reserved 1073152K
  class space    used 3394K, capacity 3617K, committed 3712K, reserved 1048576K
}
Event: 2.751 GC heap after
{Heap after GC invocations=5 (full 0):
 garbage-first heap   total 129024K, used 19731K [0x0000000080000000, 0x0000000100000000)
  region size 1024K, 3 young (3072K), 3 survivors (3072K)
 Metaspace       used 25918K, capacity 26504K, committed 26752K, reserved 1073152K
  class space    used 3394K, capacity 3617K, committed 3712K, reserved 1048576K
}
Event: 3.516 GC heap before
{Heap before GC invocations=5 (full 0):
 garbage-first heap   total 129024K, used 78099K [0x0000000080000000, 0x0000000100000000)
  region size 1024K, 60 young (61440K), 3 survivors (3072K)
 Metaspace       used 34488K, capacity 35291K, committed 35584K, reserved 1079296K
  class space    used 4486K, capacity 4807K, committed 4864K, reserved 1048576K
}
Event: 3.522 GC heap after
{Heap after GC invocations=6 (full 0):
 garbage-first heap   total 129024K, used 23013K [0x0000000080000000, 0x0000000100000000)
  region size 1024K, 7 young (7168K), 7 survivors (7168K)
 Metaspace       used 34488K, capacity 35291K, committed 35584K, reserved 1079296K
  class space    used 4486K, capacity 4807K, committed 4864K, reserved 1048576K
}
Event: 3.574 GC heap before
{Heap before GC invocations=6 (full 0):
 garbage-first heap   total 129024K, used 26085K [0x0000000080000000, 0x0000000100000000)
  region size 1024K, 11 young (11264K), 7 survivors (7168K)
 Metaspace       used 35019K, capacity 35777K, committed 35840K, reserved 1081344K
  class space    used 4558K, capacity 4863K, committed 4864K, reserved 1048576K
}
Event: 3.583 GC heap after
{Heap after GC invocations=7 (full 0):
 garbage-first heap   total 129024K, used 23516K [0x0000000080000000, 0x0000000100000000)
  region size 1024K, 4 young (4096K), 4 survivors (4096K)
 Metaspace       used 35019K, capacity 35777K, committed 35840K, reserved 1081344K
  class space    used 4558K, capacity 4863K, committed 4864K, reserved 1048576K
}
Event: 4.191 GC heap before
{Heap before GC invocations=8 (full 0):
 garbage-first heap   total 129024K, used 88028K [0x0000000080000000, 0x0000000100000000)
  region size 1024K, 65 young (66560K), 4 survivors (4096K)
 Metaspace       used 39368K, capacity 40270K, committed 40524K, reserved 1085440K
  class space    used 5050K, capacity 5395K, committed 5504K, reserved 1048576K
}
Event: 4.200 GC heap after
{Heap after GC invocations=9 (full 0):
 garbage-first heap   total 129024K, used 28231K [0x0000000080000000, 0x0000000100000000)
  region size 1024K, 9 young (9216K), 9 survivors (9216K)
 Metaspace       used 39368K, capacity 40270K, committed 40524K, reserved 1085440K
  class space    used 5050K, capacity 5395K, committed 5504K, reserved 1048576K
}
Event: 4.792 GC heap before
{Heap before GC invocations=9 (full 0):
 garbage-first heap   total 129024K, used 89671K [0x0000000080000000, 0x0000000100000000)
  region size 1024K, 69 young (70656K), 9 survivors (9216K)
 Metaspace       used 44496K, capacity 45604K, committed 45772K, reserved 1089536K
  class space    used 5705K, capacity 6097K, committed 6144K, reserved 1048576K
}
Event: 4.804 GC heap after
{Heap after GC invocations=10 (full 0):
 garbage-first heap   total 155648K, used 30508K [0x0000000080000000, 0x0000000100000000)
  region size 1024K, 3 young (3072K), 3 survivors (3072K)
 Metaspace       used 44496K, capacity 45604K, committed 45772K, reserved 1089536K
  class space    used 5705K, capacity 6097K, committed 6144K, reserved 1048576K
}
Event: 5.699 GC heap before
{Heap before GC invocations=10 (full 0):
 garbage-first heap   total 155648K, used 105260K [0x0000000080000000, 0x0000000100000000)
  region size 1024K, 77 young (78848K), 3 survivors (3072K)
 Metaspace       used 47889K, capacity 49136K, committed 49356K, reserved 1091584K
  class space    used 6113K, capacity 6589K, committed 6656K, reserved 1048576K
}
Event: 5.705 GC heap after
{Heap after GC invocations=11 (full 0):
 garbage-first heap   total 155648K, used 34477K [0x0000000080000000, 0x0000000100000000)
  region size 1024K, 7 young (7168K), 7 survivors (7168K)
 Metaspace       used 47889K, capacity 49136K, committed 49356K, reserved 1091584K
  class space    used 6113K, capacity 6589K, committed 6656K, reserved 1048576K
}

